[0 - 7f0a689fe700] {3}{circuit}: circuit settings: loops=10 pieces=96 nodes/piece=2500 wires/piece=14336 pct_in_piece=95 seed=12345
[0 - 7f0a689fe700] {3}{circuit}: Initializing circuit simulation...
[0 - 7f0a689fe700] {3}{circuit}: Finished initializing simulation...
[3 - 7f3f1756e700] {3}{timer}: clearing timers
[1 - 7f3ecd128700] {3}{timer}: clearing timers
[0 - 7f0a689fe700] {3}{timer}: clearing timers
[0 - 7f0a689fe700] {3}{circuit}: starting loop 0 out of 10
[2 - 7f3601423700] {3}{timer}: clearing timers
[0 - 7f0a689fe700] {3}{circuit}: starting loop 1 out of 10
[0 - 7f0a689fe700] {3}{circuit}: starting loop 2 out of 10
[0 - 7f0a689fe700] {3}{circuit}: starting loop 3 out of 10
[0 - 7f0a689fe700] {3}{circuit}: starting loop 4 out of 10
[0 - 7f0a689fe700] {3}{circuit}: starting loop 5 out of 10
[0 - 7f0a689fe700] {3}{circuit}: starting loop 6 out of 10
[0 - 7f0a689fe700] {3}{circuit}: starting loop 7 out of 10
[0 - 7f0a689fe700] {3}{circuit}: starting loop 8 out of 10
[0 - 7f0a689fe700] {3}{circuit}: starting loop 9 out of 10
[0 - 7f0a689fe700] {3}{circuit}: waiting for all simulation tasks to complete
[0 - 7f0a689fe700] {3}{circuit}: SUCCESS!
[0 - 7f0a689fe700] {3}{circuit}: simulation complete - destroying regions
