[0 - 44638940] {3}{circuit}: circuit settings: loops=10 pieces=96 nodes/piece=2500 wires/piece=16384 pct_in_piece=95 seed=12345
[0 - 44638940] {3}{circuit}: Initializing circuit simulation...
[0 - 44638940] {3}{circuit}: Finished initializing simulation...
[0 - 44638940] {3}{timer}: clearing timers
[4 - 40a51940] {3}{timer}: clearing timers
[1 - 411bd940] {3}{timer}: clearing timers
[2 - 41769940] {3}{timer}: clearing timers
[5 - 41f92940] {3}{timer}: clearing timers
[6 - 4203a940] {3}{timer}: clearing timers
[3 - 419b5940] {3}{timer}: clearing timers
[7 - 42511940] {3}{timer}: clearing timers
[0 - 44638940] {3}{circuit}: starting loop 0 out of 10
[0 - 44638940] {3}{circuit}: starting loop 1 out of 10
[0 - 44638940] {3}{circuit}: starting loop 2 out of 10
[0 - 44638940] {3}{circuit}: starting loop 3 out of 10
[0 - 44638940] {3}{circuit}: starting loop 4 out of 10
[0 - 44638940] {3}{circuit}: starting loop 5 out of 10
[0 - 44638940] {3}{circuit}: starting loop 6 out of 10
[0 - 44638940] {3}{circuit}: starting loop 7 out of 10
[0 - 44638940] {3}{circuit}: starting loop 8 out of 10
[0 - 44638940] {3}{circuit}: starting loop 9 out of 10
[0 - 44638940] {3}{circuit}: waiting for all simulation tasks to complete
[0 - 44638940] {3}{circuit}: SUCCESS!
[0 - 44638940] {3}{circuit}: simulation complete - destroying regions
