[0 - 45b71940] {3}{circuit}: circuit settings: loops=10 pieces=96 nodes/piece=2500 wires/piece=16384 pct_in_piece=95 seed=12345
[0 - 45b71940] {3}{circuit}: Initializing circuit simulation...
[0 - 45b71940] {3}{circuit}: Finished initializing simulation...
[15 - 41e93940] {3}{timer}: clearing timers
[0 - 45b71940] {3}{timer}: clearing timers
[13 - 40e0f940] {3}{timer}: clearing timers
[11 - 4207a940] {3}{timer}: clearing timers
[8 - 41d7a940] {3}{timer}: clearing timers
[4 - 41d50940] {3}{timer}: clearing timers
[10 - 413c5940] {3}{timer}: clearing timers
[9 - 41d71940] {3}{timer}: clearing timers
[2 - 40e26940] {3}{timer}: clearing timers
[3 - 413b1940] {3}{timer}: clearing timers
[5 - 41088940] {3}{timer}: clearing timers
[1 - 42825940] {3}{timer}: clearing timers
[14 - 41c57940] {3}{timer}: clearing timers
[6 - 41c19940] {3}{timer}: clearing timers
[7 - 40cfa940] {3}{timer}: clearing timers
[12 - 428cb940] {3}{timer}: clearing timers
[0 - 45b71940] {3}{circuit}: starting loop 0 out of 10
[0 - 45b71940] {3}{circuit}: starting loop 1 out of 10
[0 - 45b71940] {3}{circuit}: starting loop 2 out of 10
[0 - 45b71940] {3}{circuit}: starting loop 3 out of 10
[0 - 45b71940] {3}{circuit}: starting loop 4 out of 10
[0 - 45b71940] {3}{circuit}: starting loop 5 out of 10
[0 - 45b71940] {3}{circuit}: starting loop 6 out of 10
[0 - 45b71940] {3}{circuit}: starting loop 7 out of 10
[0 - 45b71940] {3}{circuit}: starting loop 8 out of 10
[0 - 45b71940] {3}{circuit}: starting loop 9 out of 10
[0 - 45b71940] {3}{circuit}: waiting for all simulation tasks to complete
[0 - 45b71940] {3}{circuit}: SUCCESS!
[0 - 45b71940] {3}{circuit}: simulation complete - destroying regions
