[0 - 454f4940] {3}{circuit}: circuit settings: loops=10 pieces=48 nodes/piece=2500 wires/piece=16384 pct_in_piece=95 seed=12345
[0 - 454f4940] {3}{circuit}: Initializing circuit simulation...
[0 - 454f4940] {3}{circuit}: Finished initializing simulation...
[0 - 454f4940] {3}{timer}: clearing timers
[1 - 4145d940] {3}{timer}: clearing timers
[4 - 40b97940] {3}{timer}: clearing timers
[6 - 41502940] {3}{timer}: clearing timers
[2 - 4186a940] {3}{timer}: clearing timers
[3 - 429c7940] {3}{timer}: clearing timers
[7 - 41a59940] {3}{timer}: clearing timers
[5 - 40d7d940] {3}{timer}: clearing timers
[0 - 454f4940] {3}{circuit}: starting loop 0 out of 10
[0 - 454f4940] {3}{circuit}: starting loop 1 out of 10
[0 - 454f4940] {3}{circuit}: starting loop 2 out of 10
[0 - 454f4940] {3}{circuit}: starting loop 3 out of 10
[0 - 454f4940] {3}{circuit}: starting loop 4 out of 10
[0 - 454f4940] {3}{circuit}: starting loop 5 out of 10
[0 - 454f4940] {3}{circuit}: starting loop 6 out of 10
[0 - 454f4940] {3}{circuit}: starting loop 7 out of 10
[0 - 454f4940] {3}{circuit}: starting loop 8 out of 10
[0 - 454f4940] {3}{circuit}: starting loop 9 out of 10
[0 - 454f4940] {3}{circuit}: waiting for all simulation tasks to complete
[0 - 454f4940] {3}{circuit}: SUCCESS!
[0 - 454f4940] {3}{circuit}: simulation complete - destroying regions
