Warning: Permanently added 'kid103.nics.utk.edu,10.39.16.122' (RSA) to the list of known hosts.
Warning: Permanently added 'kid070.nics.utk.edu,10.39.16.89' (RSA) to the list of known hosts.
Warning: Permanently added 'kid104.nics.utk.edu,10.39.16.123' (RSA) to the list of known hosts.
Warning: Permanently added 'kid047.nics.utk.edu,10.39.16.66' (RSA) to the list of known hosts.
Warning: Permanently added 'kid053.nics.utk.edu,10.39.16.72' (RSA) to the list of known hosts.
[0 - 4461e940] {3}{circuit}: circuit settings: loops=10 pieces=96 nodes/piece=2500 wires/piece=16384 pct_in_piece=95 seed=12345
[0 - 4461e940] {3}{circuit}: Initializing circuit simulation...
[0 - 4461e940] {3}{circuit}: Finished initializing simulation...
[11 - 413b5940] {3}{timer}: clearing timers
[5 - 4147e940] {3}{timer}: clearing timers
[29 - 42325940] {3}{timer}: clearing timers
[14 - 418bf940] {3}{timer}: clearing timers
[9 - 42534940] {3}{timer}: clearing timers
[31 - 42812940] {3}{timer}: clearing timers
[0 - 4461e940] {3}{timer}: clearing timers
[8 - 41d28940] {3}{timer}: clearing timers
[22 - 40b19940] {3}{timer}: clearing timers
[6 - 41773940] {3}{timer}: clearing timers
[16 - 412e7940] {3}{timer}: clearing timers
[2 - 40feb940] {3}{timer}: clearing timers
[21 - 422cc940] {3}{timer}: clearing timers
[10 - 4205e940] {3}{timer}: clearing timers
[4 - 41f92940] {3}{timer}: clearing timers
[30 - 42185940] {3}{timer}: clearing timers
[25 - 40ce0940] {3}{timer}: clearing timers
[17 - 423d4940] {3}{timer}: clearing timers
[27 - 410a6940] {3}{timer}: clearing timers
[1 - 412c1940] {3}{timer}: clearing timers
[13 - 415fd940] {3}{timer}: clearing timers
[12 - 41fd1940] {3}{timer}: clearing timers
[15 - 41f7e940] {3}{timer}: clearing timers
[26 - 412bf940] {3}{timer}: clearing timers
[18 - 40eb2940] {3}{timer}: clearing timers
[24 - 4191d940] {3}{timer}: clearing timers
[20 - 41b2a940] {3}{timer}: clearing timers
[3 - 40b96940] {3}{timer}: clearing timers
[23 - 40f3d940] {3}{timer}: clearing timers
[7 - 41358940] {3}{timer}: clearing timers
[19 - 41f8e940] {3}{timer}: clearing timers
[28 - 415ea940] {3}{timer}: clearing timers
[0 - 4461e940] {3}{circuit}: starting loop 0 out of 10
[0 - 4461e940] {3}{circuit}: starting loop 1 out of 10
[0 - 4461e940] {3}{circuit}: starting loop 2 out of 10
[0 - 4461e940] {3}{circuit}: starting loop 3 out of 10
[0 - 4461e940] {3}{circuit}: starting loop 4 out of 10
[0 - 4461e940] {3}{circuit}: starting loop 5 out of 10
[0 - 4461e940] {3}{circuit}: starting loop 6 out of 10
[0 - 4461e940] {3}{circuit}: starting loop 7 out of 10
[0 - 4461e940] {3}{circuit}: starting loop 8 out of 10
[0 - 4461e940] {3}{circuit}: starting loop 9 out of 10
[0 - 4461e940] {3}{circuit}: waiting for all simulation tasks to complete
[0 - 4461e940] {3}{circuit}: SUCCESS!
[0 - 4461e940] {3}{circuit}: simulation complete - destroying regions
